2015-03-03 16:30:44 Error: [MissingControllerException] Controller class ScriptControllerController could not be found.
Exception Attributes: array (
  'class' => 'ScriptControllerController',
  'plugin' => NULL,
)
Request URL: /DhomePPE/ScriptController
Stack Trace:
#0 C:\wamp\www\DhomePPE\app\webroot\index.php(118): Dispatcher->dispatch(Object(CakeRequest), Object(CakeResponse))
#1 {main}
2015-03-03 16:31:30 Error: [MissingActionException] Action ScriptController::index() could not be found.
Exception Attributes: array (
  'controller' => 'ScriptController',
  'action' => 'index',
)
Request URL: /DhomePPE/Script
Stack Trace:
#0 C:\wamp\www\DhomePPE\lib\Cake\Routing\Dispatcher.php(193): Controller->invokeAction(Object(CakeRequest))
#1 C:\wamp\www\DhomePPE\lib\Cake\Routing\Dispatcher.php(167): Dispatcher->_invoke(Object(ScriptController), Object(CakeRequest))
#2 C:\wamp\www\DhomePPE\app\webroot\index.php(118): Dispatcher->dispatch(Object(CakeRequest), Object(CakeResponse))
#3 {main}
2015-03-03 16:31:47 Error: Fatal Error (1): Call to undefined function login() in [C:\wamp\www\DhomePPE\app\Controller\ScriptController.php, line 50]
2015-03-03 16:31:47 Error: [FatalErrorException] Call to undefined function login()
Request URL: /DhomePPE/Script/getValues
Stack Trace:
#0 C:\wamp\www\DhomePPE\lib\Cake\Error\ErrorHandler.php(213): ErrorHandler::handleFatalError(1, 'Call to undefin...', 'C:\\wamp\\www\\Dho...', 50)
#1 [internal function]: ErrorHandler::handleError(1, 'Call to undefin...', 'C:\\wamp\\www\\Dho...', 50, Array)
#2 C:\wamp\www\DhomePPE\lib\Cake\Core\App.php(931): call_user_func('ErrorHandler::h...', 1, 'Call to undefin...', 'C:\\wamp\\www\\Dho...', 50, Array)
#3 C:\wamp\www\DhomePPE\lib\Cake\Core\App.php(904): App::_checkFatalError()
#4 [internal function]: App::shutdown()
#5 {main}
2015-03-03 16:32:50 Error: [MissingViewException] View file "Script\get_values.ctp" is missing.
Exception Attributes: array (
  'file' => 'Script\\get_values.ctp',
)
Request URL: /DhomePPE/Script/getValues
Stack Trace:
#0 C:\wamp\www\DhomePPE\lib\Cake\View\View.php(470): View->_getViewFileName(NULL)
#1 C:\wamp\www\DhomePPE\lib\Cake\Controller\Controller.php(960): View->render(NULL, NULL)
#2 C:\wamp\www\DhomePPE\lib\Cake\Routing\Dispatcher.php(200): Controller->render()
#3 C:\wamp\www\DhomePPE\lib\Cake\Routing\Dispatcher.php(167): Dispatcher->_invoke(Object(ScriptController), Object(CakeRequest))
#4 C:\wamp\www\DhomePPE\app\webroot\index.php(118): Dispatcher->dispatch(Object(CakeRequest), Object(CakeResponse))
#5 {main}
2015-03-03 16:36:37 Error: Fatal Error (1): Call to a member function createMesure() on a non-object in [C:\wamp\www\DhomePPE\app\Controller\ScriptController.php, line 68]
2015-03-03 16:36:37 Error: [FatalErrorException] Call to a member function createMesure() on a non-object
Request URL: /DhomePPE/Script/getValues
Stack Trace:
#0 C:\wamp\www\DhomePPE\lib\Cake\Error\ErrorHandler.php(213): ErrorHandler::handleFatalError(1, 'Call to a membe...', 'C:\\wamp\\www\\Dho...', 68)
#1 [internal function]: ErrorHandler::handleError(1, 'Call to a membe...', 'C:\\wamp\\www\\Dho...', 68, Array)
#2 C:\wamp\www\DhomePPE\lib\Cake\Core\App.php(931): call_user_func('ErrorHandler::h...', 1, 'Call to a membe...', 'C:\\wamp\\www\\Dho...', 68, Array)
#3 C:\wamp\www\DhomePPE\lib\Cake\Core\App.php(904): App::_checkFatalError()
#4 [internal function]: App::shutdown()
#5 {main}
2015-03-03 16:45:07 Error: [MissingViewException] View file "Script\get_values.ctp" is missing.
Exception Attributes: array (
  'file' => 'Script\\get_values.ctp',
)
Request URL: /DhomePPE/Script/getValues
Stack Trace:
#0 C:\wamp\www\DhomePPE\lib\Cake\View\View.php(470): View->_getViewFileName(NULL)
#1 C:\wamp\www\DhomePPE\lib\Cake\Controller\Controller.php(960): View->render(NULL, NULL)
#2 C:\wamp\www\DhomePPE\lib\Cake\Routing\Dispatcher.php(200): Controller->render()
#3 C:\wamp\www\DhomePPE\lib\Cake\Routing\Dispatcher.php(167): Dispatcher->_invoke(Object(ScriptController), Object(CakeRequest))
#4 C:\wamp\www\DhomePPE\app\webroot\index.php(118): Dispatcher->dispatch(Object(CakeRequest), Object(CakeResponse))
#5 {main}
2015-03-03 16:54:13 Error: [MissingViewException] View file "Script\get_values.ctp" is missing.
Exception Attributes: array (
  'file' => 'Script\\get_values.ctp',
)
Request URL: /DhomePPE/Script/getValues
Stack Trace:
#0 C:\wamp\www\DhomePPE\lib\Cake\View\View.php(470): View->_getViewFileName(NULL)
#1 C:\wamp\www\DhomePPE\lib\Cake\Controller\Controller.php(960): View->render(NULL, NULL)
#2 C:\wamp\www\DhomePPE\lib\Cake\Routing\Dispatcher.php(200): Controller->render()
#3 C:\wamp\www\DhomePPE\lib\Cake\Routing\Dispatcher.php(167): Dispatcher->_invoke(Object(ScriptController), Object(CakeRequest))
#4 C:\wamp\www\DhomePPE\app\webroot\index.php(118): Dispatcher->dispatch(Object(CakeRequest), Object(CakeResponse))
#5 {main}
2015-03-03 17:46:40 Error: Fatal Error (4): syntax error, unexpected '' (T_ENCAPSED_AND_WHITESPACE), expecting identifier (T_STRING) or variable (T_VARIABLE) or number (T_NUM_STRING) in [C:\wamp\www\DhomePPE\app\View\Script\get_values.ctp, line 20]
2015-03-03 17:46:40 Error: [FatalErrorException] syntax error, unexpected '' (T_ENCAPSED_AND_WHITESPACE), expecting identifier (T_STRING) or variable (T_VARIABLE) or number (T_NUM_STRING)
Request URL: /DhomePPE/Script/getValues
Stack Trace:
#0 C:\wamp\www\DhomePPE\lib\Cake\Error\ErrorHandler.php(213): ErrorHandler::handleFatalError(4, 'syntax error, u...', 'C:\\wamp\\www\\Dho...', 20)
#1 [internal function]: ErrorHandler::handleError(4, 'syntax error, u...', 'C:\\wamp\\www\\Dho...', 20, Array)
#2 C:\wamp\www\DhomePPE\lib\Cake\Core\App.php(931): call_user_func('ErrorHandler::h...', 4, 'syntax error, u...', 'C:\\wamp\\www\\Dho...', 20, Array)
#3 C:\wamp\www\DhomePPE\lib\Cake\Core\App.php(904): App::_checkFatalError()
#4 [internal function]: App::shutdown()
#5 {main}
2015-03-03 17:47:59 Error: Fatal Error (4): syntax error, unexpected 'foreach' (T_FOREACH) in [C:\wamp\www\DhomePPE\app\View\Script\get_values.ctp, line 14]
2015-03-03 17:47:59 Error: [FatalErrorException] syntax error, unexpected 'foreach' (T_FOREACH)
Request URL: /DhomePPE/Script/getValues
Stack Trace:
#0 C:\wamp\www\DhomePPE\lib\Cake\Error\ErrorHandler.php(213): ErrorHandler::handleFatalError(4, 'syntax error, u...', 'C:\\wamp\\www\\Dho...', 14)
#1 [internal function]: ErrorHandler::handleError(4, 'syntax error, u...', 'C:\\wamp\\www\\Dho...', 14, Array)
#2 C:\wamp\www\DhomePPE\lib\Cake\Core\App.php(931): call_user_func('ErrorHandler::h...', 4, 'syntax error, u...', 'C:\\wamp\\www\\Dho...', 14, Array)
#3 C:\wamp\www\DhomePPE\lib\Cake\Core\App.php(904): App::_checkFatalError()
#4 [internal function]: App::shutdown()
#5 {main}
2015-03-03 17:48:24 Error: Fatal Error (4): syntax error, unexpected '' (T_ENCAPSED_AND_WHITESPACE), expecting identifier (T_STRING) or variable (T_VARIABLE) or number (T_NUM_STRING) in [C:\wamp\www\DhomePPE\app\View\Script\get_values.ctp, line 21]
2015-03-03 17:48:24 Error: [FatalErrorException] syntax error, unexpected '' (T_ENCAPSED_AND_WHITESPACE), expecting identifier (T_STRING) or variable (T_VARIABLE) or number (T_NUM_STRING)
Request URL: /DhomePPE/Script/getValues
Stack Trace:
#0 C:\wamp\www\DhomePPE\lib\Cake\Error\ErrorHandler.php(213): ErrorHandler::handleFatalError(4, 'syntax error, u...', 'C:\\wamp\\www\\Dho...', 21)
#1 [internal function]: ErrorHandler::handleError(4, 'syntax error, u...', 'C:\\wamp\\www\\Dho...', 21, Array)
#2 C:\wamp\www\DhomePPE\lib\Cake\Core\App.php(931): call_user_func('ErrorHandler::h...', 4, 'syntax error, u...', 'C:\\wamp\\www\\Dho...', 21, Array)
#3 C:\wamp\www\DhomePPE\lib\Cake\Core\App.php(904): App::_checkFatalError()
#4 [internal function]: App::shutdown()
#5 {main}
2015-03-03 17:52:04 Error: [MissingActionException] Action ScriptController::jquery.min.js() could not be found.
Exception Attributes: array (
  'controller' => 'ScriptController',
  'action' => 'jquery.min.js',
)
Request URL: /DhomePPE/Script/jquery.min.js
Stack Trace:
#0 C:\wamp\www\DhomePPE\lib\Cake\Routing\Dispatcher.php(193): Controller->invokeAction(Object(CakeRequest))
#1 C:\wamp\www\DhomePPE\lib\Cake\Routing\Dispatcher.php(167): Dispatcher->_invoke(Object(ScriptController), Object(CakeRequest))
#2 C:\wamp\www\DhomePPE\app\webroot\index.php(118): Dispatcher->dispatch(Object(CakeRequest), Object(CakeResponse))
#3 {main}
2015-03-03 17:52:04 Error: [MissingActionException] Action ScriptController::highcharts.js() could not be found.
Exception Attributes: array (
  'controller' => 'ScriptController',
  'action' => 'highcharts.js',
)
Request URL: /DhomePPE/Script/highcharts.js
Stack Trace:
#0 C:\wamp\www\DhomePPE\lib\Cake\Routing\Dispatcher.php(193): Controller->invokeAction(Object(CakeRequest))
#1 C:\wamp\www\DhomePPE\lib\Cake\Routing\Dispatcher.php(167): Dispatcher->_invoke(Object(ScriptController), Object(CakeRequest))
#2 C:\wamp\www\DhomePPE\app\webroot\index.php(118): Dispatcher->dispatch(Object(CakeRequest), Object(CakeResponse))
#3 {main}
2015-03-03 17:55:41 Error: [MissingActionException] Action ScriptController::highcharts.js() could not be found.
Exception Attributes: array (
  'controller' => 'ScriptController',
  'action' => 'highcharts.js',
)
Request URL: /DhomePPE/Script/highcharts.js
Stack Trace:
#0 C:\wamp\www\DhomePPE\lib\Cake\Routing\Dispatcher.php(193): Controller->invokeAction(Object(CakeRequest))
#1 C:\wamp\www\DhomePPE\lib\Cake\Routing\Dispatcher.php(167): Dispatcher->_invoke(Object(ScriptController), Object(CakeRequest))
#2 C:\wamp\www\DhomePPE\app\webroot\index.php(118): Dispatcher->dispatch(Object(CakeRequest), Object(CakeResponse))
#3 {main}
2015-03-03 17:55:41 Error: [MissingActionException] Action ScriptController::jquery.min.js() could not be found.
Exception Attributes: array (
  'controller' => 'ScriptController',
  'action' => 'jquery.min.js',
)
Request URL: /DhomePPE/Script/jquery.min.js
Stack Trace:
#0 C:\wamp\www\DhomePPE\lib\Cake\Routing\Dispatcher.php(193): Controller->invokeAction(Object(CakeRequest))
#1 C:\wamp\www\DhomePPE\lib\Cake\Routing\Dispatcher.php(167): Dispatcher->_invoke(Object(ScriptController), Object(CakeRequest))
#2 C:\wamp\www\DhomePPE\app\webroot\index.php(118): Dispatcher->dispatch(Object(CakeRequest), Object(CakeResponse))
#3 {main}
2015-03-03 18:01:58 Error: [MissingActionException] Action ScriptController::jquery.min.js() could not be found.
Exception Attributes: array (
  'controller' => 'ScriptController',
  'action' => 'jquery.min.js',
)
Request URL: /DhomePPE/Script/jquery.min.js
Stack Trace:
#0 C:\wamp\www\DhomePPE\lib\Cake\Routing\Dispatcher.php(193): Controller->invokeAction(Object(CakeRequest))
#1 C:\wamp\www\DhomePPE\lib\Cake\Routing\Dispatcher.php(167): Dispatcher->_invoke(Object(ScriptController), Object(CakeRequest))
#2 C:\wamp\www\DhomePPE\app\webroot\index.php(118): Dispatcher->dispatch(Object(CakeRequest), Object(CakeResponse))
#3 {main}
2015-03-03 18:01:58 Error: [MissingActionException] Action ScriptController::highcharts.js() could not be found.
Exception Attributes: array (
  'controller' => 'ScriptController',
  'action' => 'highcharts.js',
)
Request URL: /DhomePPE/Script/highcharts.js
Stack Trace:
#0 C:\wamp\www\DhomePPE\lib\Cake\Routing\Dispatcher.php(193): Controller->invokeAction(Object(CakeRequest))
#1 C:\wamp\www\DhomePPE\lib\Cake\Routing\Dispatcher.php(167): Dispatcher->_invoke(Object(ScriptController), Object(CakeRequest))
#2 C:\wamp\www\DhomePPE\app\webroot\index.php(118): Dispatcher->dispatch(Object(CakeRequest), Object(CakeResponse))
#3 {main}
2015-03-03 18:04:51 Error: [MissingActionException] Action ScriptController::jquery.min.js() could not be found.
Exception Attributes: array (
  'controller' => 'ScriptController',
  'action' => 'jquery.min.js',
)
Request URL: /DhomePPE/Script/jquery.min.js
Stack Trace:
#0 C:\wamp\www\DhomePPE\lib\Cake\Routing\Dispatcher.php(193): Controller->invokeAction(Object(CakeRequest))
#1 C:\wamp\www\DhomePPE\lib\Cake\Routing\Dispatcher.php(167): Dispatcher->_invoke(Object(ScriptController), Object(CakeRequest))
#2 C:\wamp\www\DhomePPE\app\webroot\index.php(118): Dispatcher->dispatch(Object(CakeRequest), Object(CakeResponse))
#3 {main}
2015-03-03 18:04:51 Error: [MissingActionException] Action ScriptController::highcharts.js() could not be found.
Exception Attributes: array (
  'controller' => 'ScriptController',
  'action' => 'highcharts.js',
)
Request URL: /DhomePPE/Script/highcharts.js
Stack Trace:
#0 C:\wamp\www\DhomePPE\lib\Cake\Routing\Dispatcher.php(193): Controller->invokeAction(Object(CakeRequest))
#1 C:\wamp\www\DhomePPE\lib\Cake\Routing\Dispatcher.php(167): Dispatcher->_invoke(Object(ScriptController), Object(CakeRequest))
#2 C:\wamp\www\DhomePPE\app\webroot\index.php(118): Dispatcher->dispatch(Object(CakeRequest), Object(CakeResponse))
#3 {main}
2015-03-03 18:05:23 Error: [MissingActionException] Action ScriptController::highcharts.js() could not be found.
Exception Attributes: array (
  'controller' => 'ScriptController',
  'action' => 'highcharts.js',
)
Request URL: /DhomePPE/Script/highcharts.js
Stack Trace:
#0 C:\wamp\www\DhomePPE\lib\Cake\Routing\Dispatcher.php(193): Controller->invokeAction(Object(CakeRequest))
#1 C:\wamp\www\DhomePPE\lib\Cake\Routing\Dispatcher.php(167): Dispatcher->_invoke(Object(ScriptController), Object(CakeRequest))
#2 C:\wamp\www\DhomePPE\app\webroot\index.php(118): Dispatcher->dispatch(Object(CakeRequest), Object(CakeResponse))
#3 {main}
2015-03-03 18:05:23 Error: [MissingActionException] Action ScriptController::jquery.min.js() could not be found.
Exception Attributes: array (
  'controller' => 'ScriptController',
  'action' => 'jquery.min.js',
)
Request URL: /DhomePPE/Script/jquery.min.js
Stack Trace:
#0 C:\wamp\www\DhomePPE\lib\Cake\Routing\Dispatcher.php(193): Controller->invokeAction(Object(CakeRequest))
#1 C:\wamp\www\DhomePPE\lib\Cake\Routing\Dispatcher.php(167): Dispatcher->_invoke(Object(ScriptController), Object(CakeRequest))
#2 C:\wamp\www\DhomePPE\app\webroot\index.php(118): Dispatcher->dispatch(Object(CakeRequest), Object(CakeResponse))
#3 {main}
2015-03-03 18:14:28 Error: [MissingActionException] Action ScriptController::jquery.min.js() could not be found.
Exception Attributes: array (
  'controller' => 'ScriptController',
  'action' => 'jquery.min.js',
)
Request URL: /DhomePPE/Script/jquery.min.js
Stack Trace:
#0 C:\wamp\www\DhomePPE\lib\Cake\Routing\Dispatcher.php(193): Controller->invokeAction(Object(CakeRequest))
#1 C:\wamp\www\DhomePPE\lib\Cake\Routing\Dispatcher.php(167): Dispatcher->_invoke(Object(ScriptController), Object(CakeRequest))
#2 C:\wamp\www\DhomePPE\app\webroot\index.php(118): Dispatcher->dispatch(Object(CakeRequest), Object(CakeResponse))
#3 {main}
2015-03-03 18:14:28 Error: [MissingActionException] Action ScriptController::highcharts.js() could not be found.
Exception Attributes: array (
  'controller' => 'ScriptController',
  'action' => 'highcharts.js',
)
Request URL: /DhomePPE/Script/highcharts.js
Stack Trace:
#0 C:\wamp\www\DhomePPE\lib\Cake\Routing\Dispatcher.php(193): Controller->invokeAction(Object(CakeRequest))
#1 C:\wamp\www\DhomePPE\lib\Cake\Routing\Dispatcher.php(167): Dispatcher->_invoke(Object(ScriptController), Object(CakeRequest))
#2 C:\wamp\www\DhomePPE\app\webroot\index.php(118): Dispatcher->dispatch(Object(CakeRequest), Object(CakeResponse))
#3 {main}
2015-03-18 15:25:39 Error: [MissingControllerException] Controller class DhomeppeController could not be found.
Exception Attributes: array (
  'class' => 'DhomeppeController',
  'plugin' => NULL,
)
Request URL: /DhomePPE/dhomeppe/script/showvalues
Stack Trace:
#0 C:\wamp\www\DhomePPE\app\webroot\index.php(118): Dispatcher->dispatch(Object(CakeRequest), Object(CakeResponse))
#1 {main}
2015-03-18 15:26:13 Error: [MissingViewException] View file "Script\showvalues.ctp" is missing.
Exception Attributes: array (
  'file' => 'Script\\showvalues.ctp',
)
Request URL: /DhomePPE/script/showvalues
Stack Trace:
#0 C:\wamp\www\DhomePPE\lib\Cake\View\View.php(470): View->_getViewFileName(NULL)
#1 C:\wamp\www\DhomePPE\lib\Cake\Controller\Controller.php(960): View->render(NULL, NULL)
#2 C:\wamp\www\DhomePPE\lib\Cake\Routing\Dispatcher.php(200): Controller->render()
#3 C:\wamp\www\DhomePPE\lib\Cake\Routing\Dispatcher.php(167): Dispatcher->_invoke(Object(ScriptController), Object(CakeRequest))
#4 C:\wamp\www\DhomePPE\app\webroot\index.php(118): Dispatcher->dispatch(Object(CakeRequest), Object(CakeResponse))
#5 {main}
2015-03-25 03:26:21 Error: [MissingConnectionException] Database connection "Mysql" is missing, or could not be created.
Exception Attributes: array (
  'class' => 'Mysql',
  'message' => 'SQLSTATE[HY000] [1049] Unknown database \'dhome\'',
  'enabled' => true,
)
Request URL: /DhomePPE/Script/getValues
Stack Trace:
#0 C:\wamp\www\DhomePPE\lib\Cake\Model\Datasource\DboSource.php(260): Mysql->connect()
#1 C:\wamp\www\DhomePPE\lib\Cake\Model\ConnectionManager.php(105): DboSource->__construct(Array)
#2 C:\wamp\www\DhomePPE\lib\Cake\Model\Model.php(3617): ConnectionManager::getDataSource('default')
#3 C:\wamp\www\DhomePPE\lib\Cake\Model\Model.php(1155): Model->setDataSource('default')
#4 C:\wamp\www\DhomePPE\lib\Cake\Model\Model.php(3644): Model->setSource('mesures')
#5 C:\wamp\www\DhomePPE\lib\Cake\Model\Model.php(1387): Model->getDataSource()
#6 C:\wamp\www\DhomePPE\lib\Cake\Model\Model.php(1575): Model->schema()
#7 C:\wamp\www\DhomePPE\app\Model\Mesure.php(23): Model->create()
#8 C:\wamp\www\DhomePPE\app\Controller\ScriptController.php(70): Mesure->createMesure('2015-03-25 03:2...', '5.2', '8d158992-6578-4...', 95)
#9 [internal function]: ScriptController->getValues()
#10 C:\wamp\www\DhomePPE\lib\Cake\Controller\Controller.php(490): ReflectionMethod->invokeArgs(Object(ScriptController), Array)
#11 C:\wamp\www\DhomePPE\lib\Cake\Routing\Dispatcher.php(193): Controller->invokeAction(Object(CakeRequest))
#12 C:\wamp\www\DhomePPE\lib\Cake\Routing\Dispatcher.php(167): Dispatcher->_invoke(Object(ScriptController), Object(CakeRequest))
#13 C:\wamp\www\DhomePPE\app\webroot\index.php(118): Dispatcher->dispatch(Object(CakeRequest), Object(CakeResponse))
#14 {main}
2015-03-25 04:06:44 Error: [MissingControllerException] Controller class ScriptController could not be found.
Exception Attributes: array (
  'class' => 'ScriptController',
  'plugin' => NULL,
)
Request URL: /DhomePPE/Script/getValues
Stack Trace:
#0 C:\wamp\www\DhomePPE\app\webroot\index.php(118): Dispatcher->dispatch(Object(CakeRequest), Object(CakeResponse))
#1 {main}
2015-03-25 04:07:13 Error: [MissingControllerException] Controller class CssController could not be found.
Exception Attributes: array (
  'class' => 'CssController',
  'plugin' => NULL,
)
Request URL: /DhomePPE/css/bootstrap-theme.min.css
Stack Trace:
#0 C:\wamp\www\DhomePPE\app\webroot\index.php(118): Dispatcher->dispatch(Object(CakeRequest), Object(CakeResponse))
#1 {main}
2015-03-25 04:07:13 Error: [MissingControllerException] Controller class CssController could not be found.
Exception Attributes: array (
  'class' => 'CssController',
  'plugin' => NULL,
)
Request URL: /DhomePPE/css/bootstrap-social.css
Stack Trace:
#0 C:\wamp\www\DhomePPE\app\webroot\index.php(118): Dispatcher->dispatch(Object(CakeRequest), Object(CakeResponse))
#1 {main}
2015-03-25 04:07:13 Error: [MissingControllerException] Controller class CssController could not be found.
Exception Attributes: array (
  'class' => 'CssController',
  'plugin' => NULL,
)
Request URL: /DhomePPE/css/webarena.css
Stack Trace:
#0 C:\wamp\www\DhomePPE\app\webroot\index.php(118): Dispatcher->dispatch(Object(CakeRequest), Object(CakeResponse))
#1 {main}
2015-03-25 04:07:13 Error: [MissingControllerException] Controller class CssController could not be found.
Exception Attributes: array (
  'class' => 'CssController',
  'plugin' => NULL,
)
Request URL: /DhomePPE/css/bootstrap.css
Stack Trace:
#0 C:\wamp\www\DhomePPE\app\webroot\index.php(118): Dispatcher->dispatch(Object(CakeRequest), Object(CakeResponse))
#1 {main}
2015-03-25 04:07:13 Error: [MissingControllerException] Controller class JsController could not be found.
Exception Attributes: array (
  'class' => 'JsController',
  'plugin' => NULL,
)
Request URL: /DhomePPE/js/facebook.js
Stack Trace:
#0 C:\wamp\www\DhomePPE\app\webroot\index.php(118): Dispatcher->dispatch(Object(CakeRequest), Object(CakeResponse))
#1 {main}
2015-03-25 04:07:13 Error: [MissingControllerException] Controller class JsController could not be found.
Exception Attributes: array (
  'class' => 'JsController',
  'plugin' => NULL,
)
Request URL: /DhomePPE/js/bootstrap.min.js
Stack Trace:
#0 C:\wamp\www\DhomePPE\app\webroot\index.php(118): Dispatcher->dispatch(Object(CakeRequest), Object(CakeResponse))
#1 {main}
2015-03-25 04:07:13 Error: [MissingControllerException] Controller class JsController could not be found.
Exception Attributes: array (
  'class' => 'JsController',
  'plugin' => NULL,
)
Request URL: /DhomePPE/js/webarena.js
Stack Trace:
#0 C:\wamp\www\DhomePPE\app\webroot\index.php(118): Dispatcher->dispatch(Object(CakeRequest), Object(CakeResponse))
#1 {main}
2015-03-25 04:11:23 Error: [MissingControllerException] Controller class CssController could not be found.
Exception Attributes: array (
  'class' => 'CssController',
  'plugin' => NULL,
)
Request URL: /DhomePPE/css/bootstrap-social.css
Stack Trace:
#0 C:\wamp\www\DhomePPE\app\webroot\index.php(118): Dispatcher->dispatch(Object(CakeRequest), Object(CakeResponse))
#1 {main}
2015-03-25 04:11:23 Error: [MissingControllerException] Controller class CssController could not be found.
Exception Attributes: array (
  'class' => 'CssController',
  'plugin' => NULL,
)
Request URL: /DhomePPE/css/font-awesome.min.css
Stack Trace:
#0 C:\wamp\www\DhomePPE\app\webroot\index.php(118): Dispatcher->dispatch(Object(CakeRequest), Object(CakeResponse))
#1 {main}
2015-03-25 04:11:23 Error: [MissingControllerException] Controller class CssController could not be found.
Exception Attributes: array (
  'class' => 'CssController',
  'plugin' => NULL,
)
Request URL: /DhomePPE/css/webarena.css
Stack Trace:
#0 C:\wamp\www\DhomePPE\app\webroot\index.php(118): Dispatcher->dispatch(Object(CakeRequest), Object(CakeResponse))
#1 {main}
2015-03-25 04:11:23 Error: [MissingControllerException] Controller class JsController could not be found.
Exception Attributes: array (
  'class' => 'JsController',
  'plugin' => NULL,
)
Request URL: /DhomePPE/js/facebook.js
Stack Trace:
#0 C:\wamp\www\DhomePPE\app\webroot\index.php(118): Dispatcher->dispatch(Object(CakeRequest), Object(CakeResponse))
#1 {main}
2015-03-25 04:11:23 Error: [MissingControllerException] Controller class JsController could not be found.
Exception Attributes: array (
  'class' => 'JsController',
  'plugin' => NULL,
)
Request URL: /DhomePPE/js/bootstrap.min.js
Stack Trace:
#0 C:\wamp\www\DhomePPE\app\webroot\index.php(118): Dispatcher->dispatch(Object(CakeRequest), Object(CakeResponse))
#1 {main}
2015-03-25 04:17:58 Error: [MissingActionException] Action PpeController::showValue() could not be found.
Exception Attributes: array (
  'controller' => 'PpeController',
  'action' => 'showValue',
)
Request URL: /DhomePPE/Ppe/showValue
Stack Trace:
#0 C:\wamp\www\DhomePPE\lib\Cake\Routing\Dispatcher.php(193): Controller->invokeAction(Object(CakeRequest))
#1 C:\wamp\www\DhomePPE\lib\Cake\Routing\Dispatcher.php(167): Dispatcher->_invoke(Object(PpeController), Object(CakeRequest))
#2 C:\wamp\www\DhomePPE\app\webroot\index.php(118): Dispatcher->dispatch(Object(CakeRequest), Object(CakeResponse))
#3 {main}
2015-03-25 04:18:11 Error: [MissingActionException] Action PpeController::showValue() could not be found.
Exception Attributes: array (
  'controller' => 'PpeController',
  'action' => 'showValue',
)
Request URL: /DhomePPE/Ppe/showValue
Stack Trace:
#0 C:\wamp\www\DhomePPE\lib\Cake\Routing\Dispatcher.php(193): Controller->invokeAction(Object(CakeRequest))
#1 C:\wamp\www\DhomePPE\lib\Cake\Routing\Dispatcher.php(167): Dispatcher->_invoke(Object(PpeController), Object(CakeRequest))
#2 C:\wamp\www\DhomePPE\app\webroot\index.php(118): Dispatcher->dispatch(Object(CakeRequest), Object(CakeResponse))
#3 {main}
2015-03-25 04:18:15 Error: [MissingActionException] Action PpeController::showValue() could not be found.
Exception Attributes: array (
  'controller' => 'PpeController',
  'action' => 'showValue',
)
Request URL: /DhomePPE/Ppe/showValue
Stack Trace:
#0 C:\wamp\www\DhomePPE\lib\Cake\Routing\Dispatcher.php(193): Controller->invokeAction(Object(CakeRequest))
#1 C:\wamp\www\DhomePPE\lib\Cake\Routing\Dispatcher.php(167): Dispatcher->_invoke(Object(PpeController), Object(CakeRequest))
#2 C:\wamp\www\DhomePPE\app\webroot\index.php(118): Dispatcher->dispatch(Object(CakeRequest), Object(CakeResponse))
#3 {main}
2015-03-25 04:18:18 Error: [MissingActionException] Action PpeController::showValue() could not be found.
Exception Attributes: array (
  'controller' => 'PpeController',
  'action' => 'showValue',
)
Request URL: /DhomePPE/Ppe/showValue
Stack Trace:
#0 C:\wamp\www\DhomePPE\lib\Cake\Routing\Dispatcher.php(193): Controller->invokeAction(Object(CakeRequest))
#1 C:\wamp\www\DhomePPE\lib\Cake\Routing\Dispatcher.php(167): Dispatcher->_invoke(Object(PpeController), Object(CakeRequest))
#2 C:\wamp\www\DhomePPE\app\webroot\index.php(118): Dispatcher->dispatch(Object(CakeRequest), Object(CakeResponse))
#3 {main}
2015-03-25 04:20:43 Error: [MissingControllerException] Controller class CssController could not be found.
Exception Attributes: array (
  'class' => 'CssController',
  'plugin' => NULL,
)
Request URL: /DhomePPE/css/bootstrap-social.css
Stack Trace:
#0 C:\wamp\www\DhomePPE\app\webroot\index.php(118): Dispatcher->dispatch(Object(CakeRequest), Object(CakeResponse))
#1 {main}
2015-03-25 04:20:43 Error: [MissingControllerException] Controller class JsController could not be found.
Exception Attributes: array (
  'class' => 'JsController',
  'plugin' => NULL,
)
Request URL: /DhomePPE/js/facebook.js
Stack Trace:
#0 C:\wamp\www\DhomePPE\app\webroot\index.php(118): Dispatcher->dispatch(Object(CakeRequest), Object(CakeResponse))
#1 {main}
2015-03-25 04:20:43 Error: [MissingControllerException] Controller class CssController could not be found.
Exception Attributes: array (
  'class' => 'CssController',
  'plugin' => NULL,
)
Request URL: /DhomePPE/css/webarena.css
Stack Trace:
#0 C:\wamp\www\DhomePPE\app\webroot\index.php(118): Dispatcher->dispatch(Object(CakeRequest), Object(CakeResponse))
#1 {main}
 {main}
2015-03-25 04:20:43 Error: [MissingControllerException] Controller class JsController could not be found.
Exception Attributes: array (
  'class' => 'JsController',
  'plugin' => NULL,
)
Request URL: /DhomePPE/js/bootstrap.min.js
Stack Trace:
#0 C:\wamp\www\DhomePPE\app\webroot\index.php(118): Dispatcher->dispatch(Object(CakeRequest), Object(CakeResponse))
#1 {main}
2015-03-25 04:24:06 Error: [MissingControllerException] Controller class CssController could not be found.
Exception Attributes: array (
  'class' => 'CssController',
  'plugin' => NULL,
)
Request URL: /PPE1483/css/bootstrap-social.css
Stack Trace:
#0 C:\wamp\www\PPE1483\app\webroot\index.php(118): Dispatcher->dispatch(Object(CakeRequest), Object(CakeResponse))
#1 {main}
2015-03-25 04:24:06 Error: [MissingControllerException] Controller class CssController could not be found.
Exception Attributes: array (
  'class' => 'CssController',
  'plugin' => NULL,
)
Request URL: /PPE1483/css/webarena.css
Stack Trace:
#0 C:\wamp\www\PPE1483\app\webroot\index.php(118): Dispatcher->dispatch(Object(CakeRequest), Object(CakeResponse))
#1 {main}
2015-03-25 04:24:06 Error: [MissingControllerException] Controller class JsController could not be found.
Exception Attributes: array (
  'class' => 'JsController',
  'plugin' => NULL,
)
Request URL: /PPE1483/js/webarena.js
Stack Trace:
#0 C:\wamp\www\PPE1483\app\webroot\index.php(118): Dispatcher->dispatch(Object(CakeRequest), Object(CakeResponse))
#1 {main}
2015-03-25 04:24:06 Error: [MissingControllerException] Controller class JsController could not be found.
Exception Attributes: array (
  'class' => 'JsController',
  'plugin' => NULL,
)
Request URL: /PPE1483/js/facebook.js
Stack Trace:
#0 C:\wamp\www\PPE1483\app\webroot\index.php(118): Dispatcher->dispatch(Object(CakeRequest), Object(CakeResponse))
#1 {main}
nse))
#1 {main}
2015-03-25 04:26:05 Error: [MissingControllerException] Controller class CssController could not be found.
Exception Attributes: array (
  'class' => 'CssController',
  'plugin' => NULL,
)
Request URL: /PPE1483/css/bootstrap-social.css
Stack Trace:
#0 C:\wamp\www\PPE1483\app\webroot\index.php(118): Dispatcher->dispatch(Object(CakeRequest), Object(CakeResponse))
#1 {main}
2015-03-25 04:26:05 Error: [MissingControllerException] Controller class CssController could not be found.
Exception Attributes: array (
  'class' => 'CssController',
  'plugin' => NULL,
)
Request URL: /PPE1483/css/font-awesome.min.css
Stack Trace:
#0 C:\wamp\www\PPE1483\app\webroot\index.php(118): Dispatcher->dispatch(Object(CakeRequest), Object(CakeResponse))
#1 {main}
2015-03-25 04:26:05 Error: [MissingControllerException] Controller class ImgController could not be found.
Exception Attributes: array (
  'class' => 'ImgController',
  'plugin' => NULL,
)
Request URL: /PPE1483/img/pagefond.jpg
Stack Trace:
#0 C:\wamp\www\PPE1483\app\webroot\index.php(118): Dispatcher->dispatch(Object(CakeRequest), Object(CakeResponse))
#1 {main}
2015-03-25 04:30:24 Error: [MissingControllerException] Controller class CssController could not be found.
Exception Attributes: array (
  'class' => 'CssController',
  'plugin' => NULL,
)
Request URL: /PPE1483/css/font-awesome.min.css
Stack Trace:
#0 C:\wamp\www\PPE1483\app\webroot\index.php(118): Dispatcher->dispatch(Object(CakeRequest), Object(CakeResponse))
#1 {main}
2015-03-25 04:30:24 Error: [MissingControllerException] Controller class CssController could not be found.
Exception Attributes: array (
  'class' => 'CssController',
  'plugin' => NULL,
)
Request URL: /PPE1483/css/bootstrap-social.css
Stack Trace:
#0 C:\wamp\www\PPE1483\app\webroot\index.php(118): Dispatcher->dispatch(Object(CakeRequest), Object(CakeResponse))
#1 {main}
2015-03-25 04:35:06 Error: [MissingControllerException] Controller class CssController could not be found.
Exception Attributes: array (
  'class' => 'CssController',
  'plugin' => NULL,
)
Request URL: /PPE1483/css/bootstrap-social.css
Stack Trace:
#0 C:\wamp\www\PPE1483\app\webroot\index.php(118): Dispatcher->dispatch(Object(CakeRequest), Object(CakeResponse))
#1 {main}
2015-03-25 04:35:06 Error: [MissingControllerException] Controller class JsController could not be found.
Exception Attributes: array (
  'class' => 'JsController',
  'plugin' => NULL,
)
Request URL: /PPE1483/js/facebook.js
Stack Trace:
#0 C:\wamp\www\PPE1483\app\webroot\index.php(118): Dispatcher->dispatch(Object(CakeRequest), Object(CakeResponse))
#1 {main}
2015-03-25 04:35:06 Error: [MissingControllerException] Controller class CssController could not be found.
Exception Attributes: array (
  'class' => 'CssController',
  'plugin' => NULL,
)
Request URL: /PPE1483/css/font-awesome.min.css
Stack Trace:
#0 C:\wamp\www\PPE1483\app\webroot\index.php(118): Dispatcher->dispatch(Object(CakeRequest), Object(CakeResponse))
#1 {main}
2015-03-25 04:35:06 Error: [MissingControllerException] Controller class CssController could not be found.
Exception Attributes: array (
  'class' => 'CssController',
  'plugin' => NULL,
)
Request URL: /PPE1483/css/webarena.css
Stack Trace:
#0 C:\wamp\www\PPE1483\app\webroot\index.php(118): Dispatcher->dispatch(Object(CakeRequest), Object(CakeResponse))
#1 {main}
2015-03-25 04:35:06 Error: [MissingControllerException] Controller class DistController could not be found.
Exception Attributes: array (
  'class' => 'DistController',
  'plugin' => NULL,
)
Request URL: /PPE1483/dist/css/bootstrap.min.css
Stack Trace:
#0 C:\wamp\www\PPE1483\app\webroot\index.php(118): Dispatcher->dispatch(Object(CakeRequest), Object(CakeResponse))
#1 {main}
2015-03-25 04:35:06 Error: [MissingControllerException] Controller class JsController could not be found.
Exception Attributes: array (
  'class' => 'JsController',
  'plugin' => NULL,
)
Request URL: /PPE1483/js/webarena.js
Stack Trace:
#0 C:\wamp\www\PPE1483\app\webroot\index.php(118): Dispatcher->dispatch(Object(CakeRequest), Object(CakeResponse))
#1 {main}
2015-03-25 04:35:12 Error: [MissingControllerException] Controller class CssController could not be found.
Exception Attributes: array (
  'class' => 'CssController',
  'plugin' => NULL,
)
Request URL: /PPE1483/css/bootstrap-social.css
Stack Trace:
#0 C:\wamp\www\PPE1483\app\webroot\index.php(118): Dispatcher->dispatch(Object(CakeRequest), Object(CakeResponse))
#1 {main}
2015-03-25 04:35:12 Error: [MissingControllerException] Controller class CssController could not be found.
Exception Attributes: array (
  'class' => 'CssController',
  'plugin' => NULL,
)
Request URL: /PPE1483/css/webarena.css
Stack Trace:
#0 C:\wamp\www\PPE1483\app\webroot\index.php(118): Dispatcher->dispatch(Object(CakeRequest), Object(CakeResponse))
#1 {main}
2015-03-25 04:35:12 Error: [MissingControllerException] Controller class JsController could not be found.
Exception Attributes: array (
  'class' => 'JsController',
  'plugin' => NULL,
)
Request URL: /PPE1483/js/facebook.js
Stack Trace:
#0 C:\wamp\www\PPE1483\app\webroot\index.php(118): Dispatcher->dispatch(Object(CakeRequest), Object(CakeResponse))
#1 {main}
2015-03-25 04:35:12 Error: [MissingControllerException] Controller class JsController could not be found.
Exception Attributes: array (
  'class' => 'JsController',
  'plugin' => NULL,
)
Request URL: /PPE1483/js/webarena.js
Stack Trace:
#0 C:\wamp\www\PPE1483\app\webroot\index.php(118): Dispatcher->dispatch(Object(CakeRequest), Object(CakeResponse))
#1 {main}
2015-03-25 04:35:12 Error: [MissingControllerException] Controller class CssController could not be found.
Exception Attributes: array (
  'class' => 'CssController',
  'plugin' => NULL,
)
Request URL: /PPE1483/css/font-awesome.min.css
Stack Trace:
#0 C:\wamp\www\PPE1483\app\webroot\index.php(118): Dispatcher->dispatch(Object(CakeRequest), Object(CakeResponse))
#1 {main}
2015-03-25 04:45:47 Error: [MissingControllerException] Controller class CssController could not be found.
Exception Attributes: array (
  'class' => 'CssController',
  'plugin' => NULL,
)
Request URL: /PPE1483/css/bootstrap-social.css
Stack Trace:
#0 C:\wamp\www\PPE1483\app\webroot\index.php(118): Dispatcher->dispatch(Object(CakeRequest), Object(CakeResponse))
#1 {main}
2015-03-25 04:45:47 Error: [MissingControllerException] Controller class JsController could not be found.
Exception Attributes: array (
  'class' => 'JsController',
  'plugin' => NULL,
)
Request URL: /PPE1483/js/facebook.js
Stack Trace:
#0 C:\wamp\www\PPE1483\app\webroot\index.php(118): Dispatcher->dispatch(Object(CakeRequest), Object(CakeResponse))
#1 {main}
2015-03-25 04:45:47 Error: [MissingControllerException] Controller class JsController could not be found.
Exception Attributes: array (
  'class' => 'JsController',
  'plugin' => NULL,
)
Request URL: /PPE1483/js/webarena.js
Stack Trace:
#0 C:\wamp\www\PPE1483\app\webroot\index.php(118): Dispatcher->dispatch(Object(CakeRequest), Object(CakeResponse))
#1 {main}
2015-03-25 04:45:47 Error: [MissingControllerException] Controller class CssController could not be found.
Exception Attributes: array (
  'class' => 'CssController',
  'plugin' => NULL,
)
Request URL: /PPE1483/css/webarena.css
Stack Trace:
#0 C:\wamp\www\PPE1483\app\webroot\index.php(118): Dispatcher->dispatch(Object(CakeRequest), Object(CakeResponse))
#1 {main}
2015-03-25 13:58:31 Error: [PDOException] SQLSTATE[23000]: Integrity constraint violation: 1452 Cannot add or update a child row: a foreign key constraint fails (`ppe`.`mesures`, CONSTRAINT `mesures_ibfk_1` FOREIGN KEY (`uuidEquipement`, `idEquipement`) REFERENCES `equipements` (`uuid`, `id`) ON DELETE SET NULL ON UPDATE SET NULL)
Request URL: /PPE1483/Ppe/getValues
Stack Trace:
#0 C:\wamp\www\PPE1483\lib\Cake\Model\Datasource\DboSource.php(460): PDOStatement->execute(Array)
#1 C:\wamp\www\PPE1483\lib\Cake\Model\Datasource\DboSource.php(426): DboSource->_execute('INSERT INTO `pp...', Array)
#2 C:\wamp\www\PPE1483\lib\Cake\Model\Datasource\DboSource.php(1012): DboSource->execute('INSERT INTO `pp...')
#3 C:\wamp\www\PPE1483\lib\Cake\Model\Model.php(1928): DboSource->create(Object(Mesure), Array, Array)
#4 C:\wamp\www\PPE1483\lib\Cake\Model\Model.php(1751): Model->_doSave(Array, Array)
#5 C:\wamp\www\PPE1483\app\Model\Mesure.php(24): Model->save(Array)
#6 C:\wamp\www\PPE1483\app\Controller\PpeController.php(70): Mesure->createMesure('2015-03-25 13:5...', '2.0', '3ed9fee0-9704-4...', 77)
#7 [internal function]: PpeController->getValues()
#8 C:\wamp\www\PPE1483\lib\Cake\Controller\Controller.php(490): ReflectionMethod->invokeArgs(Object(PpeController), Array)
#9 C:\wamp\www\PPE1483\lib\Cake\Routing\Dispatcher.php(193): Controller->invokeAction(Object(CakeRequest))
#10 C:\wamp\www\PPE1483\lib\Cake\Routing\Dispatcher.php(167): Dispatcher->_invoke(Object(PpeController), Object(CakeRequest))
#11 C:\wamp\www\PPE1483\app\webroot\index.php(118): Dispatcher->dispatch(Object(CakeRequest), Object(CakeResponse))
#12 {main}
2015-03-25 13:58:37 Error: [PDOException] SQLSTATE[23000]: Integrity constraint violation: 1452 Cannot add or update a child row: a foreign key constraint fails (`ppe`.`mesures`, CONSTRAINT `mesures_ibfk_1` FOREIGN KEY (`uuidEquipement`, `idEquipement`) REFERENCES `equipements` (`uuid`, `id`) ON DELETE SET NULL ON UPDATE SET NULL)
Request URL: /PPE1483/Ppe/showValues
Stack Trace:
#0 C:\wamp\www\PPE1483\lib\Cake\Model\Datasource\DboSource.php(460): PDOStatement->execute(Array)
#1 C:\wamp\www\PPE1483\lib\Cake\Model\Datasource\DboSource.php(426): DboSource->_execute('INSERT INTO `pp...', Array)
#2 C:\wamp\www\PPE1483\lib\Cake\Model\Datasource\DboSource.php(1012): DboSource->execute('INSERT INTO `pp...')
#3 C:\wamp\www\PPE1483\lib\Cake\Model\Model.php(1928): DboSource->create(Object(Mesure), Array, Array)
#4 C:\wamp\www\PPE1483\lib\Cake\Model\Model.php(1751): Model->_doSave(Array, Array)
#5 C:\wamp\www\PPE1483\app\Model\Mesure.php(24): Model->save(Array)
#6 C:\wamp\www\PPE1483\app\Controller\PpeController.php(70): Mesure->createMesure('2015-03-25 13:5...', '1.0', '3ed9fee0-9704-4...', 77)
#7 C:\wamp\www\PPE1483\app\Controller\PpeController.php(77): PpeController->getValues()
#8 [internal function]: PpeController->showValues()
#9 C:\wamp\www\PPE1483\lib\Cake\Controller\Controller.php(490): ReflectionMethod->invokeArgs(Object(PpeController), Array)
#10 C:\wamp\www\PPE1483\lib\Cake\Routing\Dispatcher.php(193): Controller->invokeAction(Object(CakeRequest))
#11 C:\wamp\www\PPE1483\lib\Cake\Routing\Dispatcher.php(167): Dispatcher->_invoke(Object(PpeController), Object(CakeRequest))
#12 C:\wamp\www\PPE1483\app\webroot\index.php(118): Dispatcher->dispatch(Object(CakeRequest), Object(CakeResponse))
#13 {main}
2015-03-25 13:58:39 Error: [PDOException] SQLSTATE[23000]: Integrity constraint violation: 1452 Cannot add or update a child row: a foreign key constraint fails (`ppe`.`mesures`, CONSTRAINT `mesures_ibfk_1` FOREIGN KEY (`uuidEquipement`, `idEquipement`) REFERENCES `equipements` (`uuid`, `id`) ON DELETE SET NULL ON UPDATE SET NULL)
Request URL: /PPE1483/Ppe/showValues
Stack Trace:
#0 C:\wamp\www\PPE1483\lib\Cake\Model\Datasource\DboSource.php(460): PDOStatement->execute(Array)
#1 C:\wamp\www\PPE1483\lib\Cake\Model\Datasource\DboSource.php(426): DboSource->_execute('INSERT INTO `pp...', Array)
#2 C:\wamp\www\PPE1483\lib\Cake\Model\Datasource\DboSource.php(1012): DboSource->execute('INSERT INTO `pp...')
#3 C:\wamp\www\PPE1483\lib\Cake\Model\Model.php(1928): DboSource->create(Object(Mesure), Array, Array)
#4 C:\wamp\www\PPE1483\lib\Cake\Model\Model.php(1751): Model->_doSave(Array, Array)
#5 C:\wamp\www\PPE1483\app\Model\Mesure.php(24): Model->save(Array)
#6 C:\wamp\www\PPE1483\app\Controller\PpeController.php(70): Mesure->createMesure('2015-03-25 13:5...', '1.0', '3ed9fee0-9704-4...', 77)
#7 C:\wamp\www\PPE1483\app\Controller\PpeController.php(77): PpeController->getValues()
#8 [internal function]: PpeController->showValues()
#9 C:\wamp\www\PPE1483\lib\Cake\Controller\Controller.php(490): ReflectionMethod->invokeArgs(Object(PpeController), Array)
#10 C:\wamp\www\PPE1483\lib\Cake\Routing\Dispatcher.php(193): Controller->invokeAction(Object(CakeRequest))
#11 C:\wamp\www\PPE1483\lib\Cake\Routing\Dispatcher.php(167): Dispatcher->_invoke(Object(PpeController), Object(CakeRequest))
#12 C:\wamp\www\PPE1483\app\webroot\index.php(118): Dispatcher->dispatch(Object(CakeRequest), Object(CakeResponse))
#13 {main}
2015-03-25 14:00:09 Error: [MissingControllerException] Controller class CssController could not be found.
Exception Attributes: array (
  'class' => 'CssController',
  'plugin' => NULL,
)
Request URL: /PPE1483/css/bootstrap-social.css
Stack Trace:
#0 C:\wamp\www\PPE1483\app\webroot\index.php(118): Dispatcher->dispatch(Object(CakeRequest), Object(CakeResponse))
#1 {main}
2015-03-25 14:00:09 Error: [MissingControllerException] Controller class CssController could not be found.
Exception Attributes: array (
  'class' => 'CssController',
  'plugin' => NULL,
)
Request URL: /PPE1483/css/webarena.css
Stack Trace:
#0 C:\wamp\www\PPE1483\app\webroot\index.php(118): Dispatcher->dispatch(Object(CakeRequest), Object(CakeResponse))
#1 {main}
2015-03-25 14:00:09 Error: [MissingControllerException] Controller class CssController could not be found.
Exception Attributes: array (
  'class' => 'CssController',
  'plugin' => NULL,
)
Request URL: /PPE1483/css/font-awesome.min.css
Stack Trace:
#0 C:\wamp\www\PPE1483\app\webroot\index.php(118): Dispatcher->dispatch(Object(CakeRequest), Object(CakeResponse))
#1 {main}
2015-03-25 14:00:09 Error: [MissingControllerException] Controller class DistController could not be found.
Exception Attributes: array (
  'class' => 'DistController',
  'plugin' => NULL,
)
Request URL: /PPE1483/dist/css/bootstrap.min.css
Stack Trace:
#0 C:\wamp\www\PPE1483\app\webroot\index.php(118): Dispatcher->dispatch(Object(CakeRequest), Object(CakeResponse))
#1 {main}
2015-03-25 14:00:09 Error: [MissingControllerException] Controller class JsController could not be found.
Exception Attributes: array (
  'class' => 'JsController',
  'plugin' => NULL,
)
Request URL: /PPE1483/js/facebook.js
Stack Trace:
#0 C:\wamp\www\PPE1483\app\webroot\index.php(118): Dispatcher->dispatch(Object(CakeRequest), Object(CakeResponse))
#1 {main}
2015-03-25 14:00:09 Error: [MissingControllerException] Controller class JsController could not be found.
Exception Attributes: array (
  'class' => 'JsController',
  'plugin' => NULL,
)
Request URL: /PPE1483/js/webarena.js
Stack Trace:
#0 C:\wamp\www\PPE1483\app\webroot\index.php(118): Dispatcher->dispatch(Object(CakeRequest), Object(CakeResponse))
#1 {main}
2015-03-25 14:00:15 Error: [PDOException] SQLSTATE[23000]: Integrity constraint violation: 1452 Cannot add or update a child row: a foreign key constraint fails (`ppe`.`mesures`, CONSTRAINT `mesures_ibfk_1` FOREIGN KEY (`uuidEquipement`, `idEquipement`) REFERENCES `equipements` (`uuid`, `id`) ON DELETE SET NULL ON UPDATE SET NULL)
Request URL: /PPE1483/Ppe/getValues
Stack Trace:
#0 C:\wamp\www\PPE1483\lib\Cake\Model\Datasource\DboSource.php(460): PDOStatement->execute(Array)
#1 C:\wamp\www\PPE1483\lib\Cake\Model\Datasource\DboSource.php(426): DboSource->_execute('INSERT INTO `pp...', Array)
#2 C:\wamp\www\PPE1483\lib\Cake\Model\Datasource\DboSource.php(1012): DboSource->execute('INSERT INTO `pp...')
#3 C:\wamp\www\PPE1483\lib\Cake\Model\Model.php(1928): DboSource->create(Object(Mesure), Array, Array)
#4 C:\wamp\www\PPE1483\lib\Cake\Model\Model.php(1751): Model->_doSave(Array, Array)
#5 C:\wamp\www\PPE1483\app\Model\Mesure.php(24): Model->save(Array)
#6 C:\wamp\www\PPE1483\app\Controller\PpeController.php(72): Mesure->createMesure('2015-03-25 14:0...', '1.0', '3ed9fee0-9704-4...', 77)
#7 [internal function]: PpeController->getValues()
#8 C:\wamp\www\PPE1483\lib\Cake\Controller\Controller.php(490): ReflectionMethod->invokeArgs(Object(PpeController), Array)
#9 C:\wamp\www\PPE1483\lib\Cake\Routing\Dispatcher.php(193): Controller->invokeAction(Object(CakeRequest))
#10 C:\wamp\www\PPE1483\lib\Cake\Routing\Dispatcher.php(167): Dispatcher->_invoke(Object(PpeController), Object(CakeRequest))
#11 C:\wamp\www\PPE1483\app\webroot\index.php(118): Dispatcher->dispatch(Object(CakeRequest), Object(CakeResponse))
#12 {main}
2015-03-25 14:00:18 Error: [PDOException] SQLSTATE[23000]: Integrity constraint violation: 1452 Cannot add or update a child row: a foreign key constraint fails (`ppe`.`mesures`, CONSTRAINT `mesures_ibfk_1` FOREIGN KEY (`uuidEquipement`, `idEquipement`) REFERENCES `equipements` (`uuid`, `id`) ON DELETE SET NULL ON UPDATE SET NULL)
Request URL: /PPE1483/Ppe/showValues
Stack Trace:
#0 C:\wamp\www\PPE1483\lib\Cake\Model\Datasource\DboSource.php(460): PDOStatement->execute(Array)
#1 C:\wamp\www\PPE1483\lib\Cake\Model\Datasource\DboSource.php(426): DboSource->_execute('INSERT INTO `pp...', Array)
#2 C:\wamp\www\PPE1483\lib\Cake\Model\Datasource\DboSource.php(1012): DboSource->execute('INSERT INTO `pp...')
#3 C:\wamp\www\PPE1483\lib\Cake\Model\Model.php(1928): DboSource->create(Object(Mesure), Array, Array)
#4 C:\wamp\www\PPE1483\lib\Cake\Model\Model.php(1751): Model->_doSave(Array, Array)
#5 C:\wamp\www\PPE1483\app\Model\Mesure.php(24): Model->save(Array)
#6 C:\wamp\www\PPE1483\app\Controller\PpeController.php(72): Mesure->createMesure('2015-03-25 14:0...', '1.0', '3ed9fee0-9704-4...', 77)
#7 C:\wamp\www\PPE1483\app\Controller\PpeController.php(79): PpeController->getValues()
#8 [internal function]: PpeController->showValues()
#9 C:\wamp\www\PPE1483\lib\Cake\Controller\Controller.php(490): ReflectionMethod->invokeArgs(Object(PpeController), Array)
#10 C:\wamp\www\PPE1483\lib\Cake\Routing\Dispatcher.php(193): Controller->invokeAction(Object(CakeRequest))
#11 C:\wamp\www\PPE1483\lib\Cake\Routing\Dispatcher.php(167): Dispatcher->_invoke(Object(PpeController), Object(CakeRequest))
#12 C:\wamp\www\PPE1483\app\webroot\index.php(118): Dispatcher->dispatch(Object(CakeRequest), Object(CakeResponse))
#13 {main}
2015-03-25 14:04:25 Error: [PDOException] SQLSTATE[23000]: Integrity constraint violation: 1452 Cannot add or update a child row: a foreign key constraint fails (`ppe`.`mesures`, CONSTRAINT `mesures_ibfk_1` FOREIGN KEY (`uuidEquipement`, `idEquipement`) REFERENCES `equipements` (`uuid`, `id`) ON DELETE SET NULL ON UPDATE SET NULL)
Request URL: /PPE1483/Ppe/showValues
Stack Trace:
#0 C:\wamp\www\PPE1483\lib\Cake\Model\Datasource\DboSource.php(460): PDOStatement->execute(Array)
#1 C:\wamp\www\PPE1483\lib\Cake\Model\Datasource\DboSource.php(426): DboSource->_execute('INSERT INTO `pp...', Array)
#2 C:\wamp\www\PPE1483\lib\Cake\Model\Datasource\DboSource.php(1012): DboSource->execute('INSERT INTO `pp...')
#3 C:\wamp\www\PPE1483\lib\Cake\Model\Model.php(1928): DboSource->create(Object(Mesure), Array, Array)
#4 C:\wamp\www\PPE1483\lib\Cake\Model\Model.php(1751): Model->_doSave(Array, Array)
#5 C:\wamp\www\PPE1483\app\Model\Mesure.php(24): Model->save(Array)
#6 C:\wamp\www\PPE1483\app\Controller\PpeController.php(72): Mesure->createMesure('2015-03-25 14:0...', '1.0', '3ed9fee0-9704-4...', 77)
#7 C:\wamp\www\PPE1483\app\Controller\PpeController.php(79): PpeController->getValues()
#8 [internal function]: PpeController->showValues()
#9 C:\wamp\www\PPE1483\lib\Cake\Controller\Controller.php(490): ReflectionMethod->invokeArgs(Object(PpeController), Array)
#10 C:\wamp\www\PPE1483\lib\Cake\Routing\Dispatcher.php(193): Controller->invokeAction(Object(CakeRequest))
#11 C:\wamp\www\PPE1483\lib\Cake\Routing\Dispatcher.php(167): Dispatcher->_invoke(Object(PpeController), Object(CakeRequest))
#12 C:\wamp\www\PPE1483\app\webroot\index.php(118): Dispatcher->dispatch(Object(CakeRequest), Object(CakeResponse))
#13 {main}
2015-03-25 14:04:32 Error: [PDOException] SQLSTATE[23000]: Integrity constraint violation: 1452 Cannot add or update a child row: a foreign key constraint fails (`ppe`.`mesures`, CONSTRAINT `mesures_ibfk_1` FOREIGN KEY (`uuidEquipement`, `idEquipement`) REFERENCES `equipements` (`uuid`, `id`) ON DELETE SET NULL ON UPDATE SET NULL)
Request URL: /PPE1483/Ppe/showValues
Stack Trace:
#0 C:\wamp\www\PPE1483\lib\Cake\Model\Datasource\DboSource.php(460): PDOStatement->execute(Array)
#1 C:\wamp\www\PPE1483\lib\Cake\Model\Datasource\DboSource.php(426): DboSource->_execute('INSERT INTO `pp...', Array)
#2 C:\wamp\www\PPE1483\lib\Cake\Model\Datasource\DboSource.php(1012): DboSource->execute('INSERT INTO `pp...')
#3 C:\wamp\www\PPE1483\lib\Cake\Model\Model.php(1928): DboSource->create(Object(Mesure), Array, Array)
#4 C:\wamp\www\PPE1483\lib\Cake\Model\Model.php(1751): Model->_doSave(Array, Array)
#5 C:\wamp\www\PPE1483\app\Model\Mesure.php(24): Model->save(Array)
#6 C:\wamp\www\PPE1483\app\Controller\PpeController.php(72): Mesure->createMesure('2015-03-25 14:0...', '1.0', '3ed9fee0-9704-4...', 77)
#7 C:\wamp\www\PPE1483\app\Controller\PpeController.php(79): PpeController->getValues()
#8 [internal function]: PpeController->showValues()
#9 C:\wamp\www\PPE1483\lib\Cake\Controller\Controller.php(490): ReflectionMethod->invokeArgs(Object(PpeController), Array)
#10 C:\wamp\www\PPE1483\lib\Cake\Routing\Dispatcher.php(193): Controller->invokeAction(Object(CakeRequest))
#11 C:\wamp\www\PPE1483\lib\Cake\Routing\Dispatcher.php(167): Dispatcher->_invoke(Object(PpeController), Object(CakeRequest))
#12 C:\wamp\www\PPE1483\app\webroot\index.php(118): Dispatcher->dispatch(Object(CakeRequest), Object(CakeResponse))
#13 {main}
2015-03-25 14:06:11 Error: [PDOException] SQLSTATE[23000]: Integrity constraint violation: 1452 Cannot add or update a child row: a foreign key constraint fails (`ppe`.`mesures`, CONSTRAINT `mesures_ibfk_1` FOREIGN KEY (`uuidEquipement`, `idEquipement`) REFERENCES `equipements` (`uuid`, `id`) ON DELETE SET NULL ON UPDATE SET NULL)
Request URL: /PPE1483/Ppe/showValues
Stack Trace:
#0 C:\wamp\www\PPE1483\lib\Cake\Model\Datasource\DboSource.php(460): PDOStatement->execute(Array)
#1 C:\wamp\www\PPE1483\lib\Cake\Model\Datasource\DboSource.php(426): DboSource->_execute('INSERT INTO `pp...', Array)
#2 C:\wamp\www\PPE1483\lib\Cake\Model\Datasource\DboSource.php(1012): DboSource->execute('INSERT INTO `pp...')
#3 C:\wamp\www\PPE1483\lib\Cake\Model\Model.php(1928): DboSource->create(Object(Mesure), Array, Array)
#4 C:\wamp\www\PPE1483\lib\Cake\Model\Model.php(1751): Model->_doSave(Array, Array)
#5 C:\wamp\www\PPE1483\app\Model\Mesure.php(24): Model->save(Array)
#6 C:\wamp\www\PPE1483\app\Controller\PpeController.php(72): Mesure->createMesure('2015-03-25 14:0...', '2.0', '3ed9fee0-9704-4...', 77)
#7 C:\wamp\www\PPE1483\app\Controller\PpeController.php(79): PpeController->getValues()
#8 [internal function]: PpeController->showValues()
#9 C:\wamp\www\PPE1483\lib\Cake\Controller\Controller.php(490): ReflectionMethod->invokeArgs(Object(PpeController), Array)
#10 C:\wamp\www\PPE1483\lib\Cake\Routing\Dispatcher.php(193): Controller->invokeAction(Object(CakeRequest))
#11 C:\wamp\www\PPE1483\lib\Cake\Routing\Dispatcher.php(167): Dispatcher->_invoke(Object(PpeController), Object(CakeRequest))
#12 C:\wamp\www\PPE1483\app\webroot\index.php(118): Dispatcher->dispatch(Object(CakeRequest), Object(CakeResponse))
#13 {main}
2015-03-25 14:06:21 Error: [PDOException] SQLSTATE[23000]: Integrity constraint violation: 1452 Cannot add or update a child row: a foreign key constraint fails (`ppe`.`mesures`, CONSTRAINT `mesures_ibfk_1` FOREIGN KEY (`uuidEquipement`, `idEquipement`) REFERENCES `equipements` (`uuid`, `id`) ON DELETE SET NULL ON UPDATE SET NULL)
Request URL: /PPE1483/Ppe/showValues
Stack Trace:
#0 C:\wamp\www\PPE1483\lib\Cake\Model\Datasource\DboSource.php(460): PDOStatement->execute(Array)
#1 C:\wamp\www\PPE1483\lib\Cake\Model\Datasource\DboSource.php(426): DboSource->_execute('INSERT INTO `pp...', Array)
#2 C:\wamp\www\PPE1483\lib\Cake\Model\Datasource\DboSource.php(1012): DboSource->execute('INSERT INTO `pp...')
#3 C:\wamp\www\PPE1483\lib\Cake\Model\Model.php(1928): DboSource->create(Object(Mesure), Array, Array)
#4 C:\wamp\www\PPE1483\lib\Cake\Model\Model.php(1751): Model->_doSave(Array, Array)
#5 C:\wamp\www\PPE1483\app\Model\Mesure.php(24): Model->save(Array)
#6 C:\wamp\www\PPE1483\app\Controller\PpeController.php(72): Mesure->createMesure('2015-03-25 14:0...', '1.0', '3ed9fee0-9704-4...', 77)
#7 C:\wamp\www\PPE1483\app\Controller\PpeController.php(79): PpeController->getValues()
#8 [internal function]: PpeController->showValues()
#9 C:\wamp\www\PPE1483\lib\Cake\Controller\Controller.php(490): ReflectionMethod->invokeArgs(Object(PpeController), Array)
#10 C:\wamp\www\PPE1483\lib\Cake\Routing\Dispatcher.php(193): Controller->invokeAction(Object(CakeRequest))
#11 C:\wamp\www\PPE1483\lib\Cake\Routing\Dispatcher.php(167): Dispatcher->_invoke(Object(PpeController), Object(CakeRequest))
#12 C:\wamp\www\PPE1483\app\webroot\index.php(118): Dispatcher->dispatch(Object(CakeRequest), Object(CakeResponse))
#13 {main}
2015-03-25 14:06:22 Error: [PDOException] SQLSTATE[23000]: Integrity constraint violation: 1452 Cannot add or update a child row: a foreign key constraint fails (`ppe`.`mesures`, CONSTRAINT `mesures_ibfk_1` FOREIGN KEY (`uuidEquipement`, `idEquipement`) REFERENCES `equipements` (`uuid`, `id`) ON DELETE SET NULL ON UPDATE SET NULL)
Request URL: /PPE1483/Ppe/showValues
Stack Trace:
#0 C:\wamp\www\PPE1483\lib\Cake\Model\Datasource\DboSource.php(460): PDOStatement->execute(Array)
#1 C:\wamp\www\PPE1483\lib\Cake\Model\Datasource\DboSource.php(426): DboSource->_execute('INSERT INTO `pp...', Array)
#2 C:\wamp\www\PPE1483\lib\Cake\Model\Datasource\DboSource.php(1012): DboSource->execute('INSERT INTO `pp...')
#3 C:\wamp\www\PPE1483\lib\Cake\Model\Model.php(1928): DboSource->create(Object(Mesure), Array, Array)
#4 C:\wamp\www\PPE1483\lib\Cake\Model\Model.php(1751): Model->_doSave(Array, Array)
#5 C:\wamp\www\PPE1483\app\Model\Mesure.php(24): Model->save(Array)
#6 C:\wamp\www\PPE1483\app\Controller\PpeController.php(72): Mesure->createMesure('2015-03-25 14:0...', '1.0', '3ed9fee0-9704-4...', 77)
#7 C:\wamp\www\PPE1483\app\Controller\PpeController.php(79): PpeController->getValues()
#8 [internal function]: PpeController->showValues()
#9 C:\wamp\www\PPE1483\lib\Cake\Controller\Controller.php(490): ReflectionMethod->invokeArgs(Object(PpeController), Array)
#10 C:\wamp\www\PPE1483\lib\Cake\Routing\Dispatcher.php(193): Controller->invokeAction(Object(CakeRequest))
#11 C:\wamp\www\PPE1483\lib\Cake\Routing\Dispatcher.php(167): Dispatcher->_invoke(Object(PpeController), Object(CakeRequest))
#12 C:\wamp\www\PPE1483\app\webroot\index.php(118): Dispatcher->dispatch(Object(CakeRequest), Object(CakeResponse))
#13 {main}
2015-03-25 14:07:43 Error: [MissingControllerException] Controller class DistController could not be found.
Exception Attributes: array (
  'class' => 'DistController',
  'plugin' => NULL,
)
Request URL: /PPE1483/dist/css/bootstrap.min.css
Stack Trace:
#0 C:\wamp\www\PPE1483\app\webroot\index.php(118): Dispatcher->dispatch(Object(CakeRequest), Object(CakeResponse))
#1 {main}
2015-03-25 14:07:43 Error: [MissingControllerException] Controller class CssController could not be found.
Exception Attributes: array (
  'class' => 'CssController',
  'plugin' => NULL,
)
Request URL: /PPE1483/css/bootstrap-social.css
Stack Trace:
#0 C:\wamp\www\PPE1483\app\webroot\index.php(118): Dispatcher->dispatch(Object(CakeRequest), Object(CakeResponse))
#1 {main}
2015-03-25 14:07:43 Error: [MissingControllerException] Controller class JsController could not be found.
Exception Attributes: array (
  'class' => 'JsController',
  'plugin' => NULL,
)
Request URL: /PPE1483/js/facebook.js
Stack Trace:
#0 C:\wamp\www\PPE1483\app\webroot\index.php(118): Dispatcher->dispatch(Object(CakeRequest), Object(CakeResponse))
#1 {main}
2015-03-25 14:07:43 Error: [MissingControllerException] Controller class CssController could not be found.
Exception Attributes: array (
  'class' => 'CssController',
  'plugin' => NULL,
)
Request URL: /PPE1483/css/font-awesome.min.css
Stack Trace:
#0 C:\wamp\www\PPE1483\app\webroot\index.php(118): Dispatcher->dispatch(Object(CakeRequest), Object(CakeResponse))
#1 {main}
2015-03-25 14:07:43 Error: [MissingControllerException] Controller class JsController could not be found.
Exception Attributes: array (
  'class' => 'JsController',
  'plugin' => NULL,
)
Request URL: /PPE1483/js/webarena.js
Stack Trace:
#0 C:\wamp\www\PPE1483\app\webroot\index.php(118): Dispatcher->dispatch(Object(CakeRequest), Object(CakeResponse))
#1 {main}
2015-03-25 14:07:43 Error: [MissingControllerException] Controller class CssController could not be found.
Exception Attributes: array (
  'class' => 'CssController',
  'plugin' => NULL,
)
Request URL: /PPE1483/css/webarena.css
Stack Trace:
#0 C:\wamp\www\PPE1483\app\webroot\index.php(118): Dispatcher->dispatch(Object(CakeRequest), Object(CakeResponse))
#1 {main}
2015-03-25 14:08:38 Error: [PDOException] SQLSTATE[23000]: Integrity constraint violation: 1452 Cannot add or update a child row: a foreign key constraint fails (`ppe`.`mesures`, CONSTRAINT `mesures_ibfk_1` FOREIGN KEY (`uuidEquipement`, `idEquipement`) REFERENCES `equipements` (`uuid`, `id`) ON DELETE SET NULL ON UPDATE SET NULL)
Request URL: /PPE1483/Ppe/showValues
Stack Trace:
#0 C:\wamp\www\PPE1483\lib\Cake\Model\Datasource\DboSource.php(460): PDOStatement->execute(Array)
#1 C:\wamp\www\PPE1483\lib\Cake\Model\Datasource\DboSource.php(426): DboSource->_execute('INSERT INTO `pp...', Array)
#2 C:\wamp\www\PPE1483\lib\Cake\Model\Datasource\DboSource.php(1012): DboSource->execute('INSERT INTO `pp...')
#3 C:\wamp\www\PPE1483\lib\Cake\Model\Model.php(1928): DboSource->create(Object(Mesure), Array, Array)
#4 C:\wamp\www\PPE1483\lib\Cake\Model\Model.php(1751): Model->_doSave(Array, Array)
#5 C:\wamp\www\PPE1483\app\Model\Mesure.php(24): Model->save(Array)
#6 C:\wamp\www\PPE1483\app\Controller\PpeController.php(72): Mesure->createMesure('2015-03-25 14:0...', '1.0', '3ed9fee0-9704-4...', 77)
#7 C:\wamp\www\PPE1483\app\Controller\PpeController.php(79): PpeController->getValues()
#8 [internal function]: PpeController->showValues()
#9 C:\wamp\www\PPE1483\lib\Cake\Controller\Controller.php(490): ReflectionMethod->invokeArgs(Object(PpeController), Array)
#10 C:\wamp\www\PPE1483\lib\Cake\Routing\Dispatcher.php(193): Controller->invokeAction(Object(CakeRequest))
#11 C:\wamp\www\PPE1483\lib\Cake\Routing\Dispatcher.php(167): Dispatcher->_invoke(Object(PpeController), Object(CakeRequest))
#12 C:\wamp\www\PPE1483\app\webroot\index.php(118): Dispatcher->dispatch(Object(CakeRequest), Object(CakeResponse))
#13 {main}
2015-03-25 14:08:40 Error: [PDOException] SQLSTATE[23000]: Integrity constraint violation: 1452 Cannot add or update a child row: a foreign key constraint fails (`ppe`.`mesures`, CONSTRAINT `mesures_ibfk_1` FOREIGN KEY (`uuidEquipement`, `idEquipement`) REFERENCES `equipements` (`uuid`, `id`) ON DELETE SET NULL ON UPDATE SET NULL)
Request URL: /PPE1483/Ppe/getValues
Stack Trace:
#0 C:\wamp\www\PPE1483\lib\Cake\Model\Datasource\DboSource.php(460): PDOStatement->execute(Array)
#1 C:\wamp\www\PPE1483\lib\Cake\Model\Datasource\DboSource.php(426): DboSource->_execute('INSERT INTO `pp...', Array)
#2 C:\wamp\www\PPE1483\lib\Cake\Model\Datasource\DboSource.php(1012): DboSource->execute('INSERT INTO `pp...')
#3 C:\wamp\www\PPE1483\lib\Cake\Model\Model.php(1928): DboSource->create(Object(Mesure), Array, Array)
#4 C:\wamp\www\PPE1483\lib\Cake\Model\Model.php(1751): Model->_doSave(Array, Array)
#5 C:\wamp\www\PPE1483\app\Model\Mesure.php(24): Model->save(Array)
#6 C:\wamp\www\PPE1483\app\Controller\PpeController.php(72): Mesure->createMesure('2015-03-25 14:0...', '1.0', '3ed9fee0-9704-4...', 77)
#7 [internal function]: PpeController->getValues()
#8 C:\wamp\www\PPE1483\lib\Cake\Controller\Controller.php(490): ReflectionMethod->invokeArgs(Object(PpeController), Array)
#9 C:\wamp\www\PPE1483\lib\Cake\Routing\Dispatcher.php(193): Controller->invokeAction(Object(CakeRequest))
#10 C:\wamp\www\PPE1483\lib\Cake\Routing\Dispatcher.php(167): Dispatcher->_invoke(Object(PpeController), Object(CakeRequest))
#11 C:\wamp\www\PPE1483\app\webroot\index.php(118): Dispatcher->dispatch(Object(CakeRequest), Object(CakeResponse))
#12 {main}
2015-03-25 14:15:15 Error: [PDOException] SQLSTATE[23000]: Integrity constraint violation: 1452 Cannot add or update a child row: a foreign key constraint fails (`ppe`.`mesures`, CONSTRAINT `mesures_ibfk_1` FOREIGN KEY (`uuidEquipement`, `idEquipement`) REFERENCES `equipements` (`uuid`, `id`) ON DELETE SET NULL ON UPDATE SET NULL)
Request URL: /PPE1483/Ppe/getValues
Stack Trace:
#0 C:\wamp\www\PPE1483\lib\Cake\Model\Datasource\DboSource.php(460): PDOStatement->execute(Array)
#1 C:\wamp\www\PPE1483\lib\Cake\Model\Datasource\DboSource.php(426): DboSource->_execute('INSERT INTO `pp...', Array)
#2 C:\wamp\www\PPE1483\lib\Cake\Model\Datasource\DboSource.php(1012): DboSource->execute('INSERT INTO `pp...')
#3 C:\wamp\www\PPE1483\lib\Cake\Model\Model.php(1928): DboSource->create(Object(Mesure), Array, Array)
#4 C:\wamp\www\PPE1483\lib\Cake\Model\Model.php(1751): Model->_doSave(Array, Array)
#5 C:\wamp\www\PPE1483\app\Model\Mesure.php(24): Model->save(Array)
#6 C:\wamp\www\PPE1483\app\Controller\PpeController.php(72): Mesure->createMesure('2015-03-25 14:1...', '1.0', '3ed9fee0-9704-4...', 77)
#7 [internal function]: PpeController->getValues()
#8 C:\wamp\www\PPE1483\lib\Cake\Controller\Controller.php(490): ReflectionMethod->invokeArgs(Object(PpeController), Array)
#9 C:\wamp\www\PPE1483\lib\Cake\Routing\Dispatcher.php(193): Controller->invokeAction(Object(CakeRequest))
#10 C:\wamp\www\PPE1483\lib\Cake\Routing\Dispatcher.php(167): Dispatcher->_invoke(Object(PpeController), Object(CakeRequest))
#11 C:\wamp\www\PPE1483\app\webroot\index.php(118): Dispatcher->dispatch(Object(CakeRequest), Object(CakeResponse))
#12 {main}
2015-03-25 14:23:55 Error: [MissingControllerException] Controller class CssController could not be found.
Exception Attributes: array (
  'class' => 'CssController',
  'plugin' => NULL,
)
Request URL: /PPE1483/css/bootstrap-social.css
Stack Trace:
#0 C:\wamp\www\PPE1483\app\webroot\index.php(118): Dispatcher->dispatch(Object(CakeRequest), Object(CakeResponse))
#1 {main}
2015-03-25 14:23:55 Error: [MissingControllerException] Controller class DistController could not be found.
Exception Attributes: array (
  'class' => 'DistController',
  'plugin' => NULL,
)
Request URL: /PPE1483/dist/css/bootstrap.min.css
Stack Trace:
#0 C:\wamp\www\PPE1483\app\webroot\index.php(118): Dispatcher->dispatch(Object(CakeRequest), Object(CakeResponse))
#1 {main}
2015-03-25 14:23:55 Error: [MissingControllerException] Controller class CssController could not be found.
Exception Attributes: array (
  'class' => 'CssController',
  'plugin' => NULL,
)
Request URL: /PPE1483/css/font-awesome.min.css
Stack Trace:
#0 C:\wamp\www\PPE1483\app\webroot\index.php(118): Dispatcher->dispatch(Object(CakeRequest), Object(CakeResponse))
#1 {main}
2015-03-25 14:23:55 Error: [MissingControllerException] Controller class JsController could not be found.
Exception Attributes: array (
  'class' => 'JsController',
  'plugin' => NULL,
)
Request URL: /PPE1483/js/facebook.js
Stack Trace:
#0 C:\wamp\www\PPE1483\app\webroot\index.php(118): Dispatcher->dispatch(Object(CakeRequest), Object(CakeResponse))
#1 {main}
2015-03-25 14:23:55 Error: [MissingControllerException] Controller class CssController could not be found.
Exception Attributes: array (
  'class' => 'CssController',
  'plugin' => NULL,
)
Request URL: /PPE1483/css/webarena.css
Stack Trace:
#0 C:\wamp\www\PPE1483\app\webroot\index.php(118): Dispatcher->dispatch(Object(CakeRequest), Object(CakeResponse))
#1 {main}
2015-03-25 14:23:55 Error: [MissingControllerException] Controller class JsController could not be found.
Exception Attributes: array (
  'class' => 'JsController',
  'plugin' => NULL,
)
Request URL: /PPE1483/js/webarena.js
Stack Trace:
#0 C:\wamp\www\PPE1483\app\webroot\index.php(118): Dispatcher->dispatch(Object(CakeRequest), Object(CakeResponse))
#1 {main}
2015-03-25 14:24:05 Error: [PDOException] SQLSTATE[23000]: Integrity constraint violation: 1452 Cannot add or update a child row: a foreign key constraint fails (`ppe`.`mesures`, CONSTRAINT `mesures_ibfk_1` FOREIGN KEY (`uuidEquipement`, `idEquipement`) REFERENCES `equipements` (`uuid`, `id`) ON DELETE SET NULL ON UPDATE SET NULL)
Request URL: /PPE1483/Ppe/getValues
Stack Trace:
#0 C:\wamp\www\PPE1483\lib\Cake\Model\Datasource\DboSource.php(460): PDOStatement->execute(Array)
#1 C:\wamp\www\PPE1483\lib\Cake\Model\Datasource\DboSource.php(426): DboSource->_execute('INSERT INTO `pp...', Array)
#2 C:\wamp\www\PPE1483\lib\Cake\Model\Datasource\DboSource.php(1012): DboSource->execute('INSERT INTO `pp...')
#3 C:\wamp\www\PPE1483\lib\Cake\Model\Model.php(1928): DboSource->create(Object(Mesure), Array, Array)
#4 C:\wamp\www\PPE1483\lib\Cake\Model\Model.php(1751): Model->_doSave(Array, Array)
#5 C:\wamp\www\PPE1483\app\Model\Mesure.php(24): Model->save(Array)
#6 C:\wamp\www\PPE1483\app\Controller\PpeController.php(72): Mesure->createMesure('2015-03-25 14:2...', '228.0', '4cb2c8a1-0bc2-4...', 97)
#7 [internal function]: PpeController->getValues()
#8 C:\wamp\www\PPE1483\lib\Cake\Controller\Controller.php(490): ReflectionMethod->invokeArgs(Object(PpeController), Array)
#9 C:\wamp\www\PPE1483\lib\Cake\Routing\Dispatcher.php(193): Controller->invokeAction(Object(CakeRequest))
#10 C:\wamp\www\PPE1483\lib\Cake\Routing\Dispatcher.php(167): Dispatcher->_invoke(Object(PpeController), Object(CakeRequest))
#11 C:\wamp\www\PPE1483\app\webroot\index.php(118): Dispatcher->dispatch(Object(CakeRequest), Object(CakeResponse))
#12 {main}
2015-03-25 14:24:20 Error: [PDOException] SQLSTATE[23000]: Integrity constraint violation: 1452 Cannot add or update a child row: a foreign key constraint fails (`ppe`.`mesures`, CONSTRAINT `mesures_ibfk_1` FOREIGN KEY (`uuidEquipement`, `idEquipement`) REFERENCES `equipements` (`uuid`, `id`) ON DELETE SET NULL ON UPDATE SET NULL)
Request URL: /PPE1483/Ppe/showValues
Stack Trace:
#0 C:\wamp\www\PPE1483\lib\Cake\Model\Datasource\DboSource.php(460): PDOStatement->execute(Array)
#1 C:\wamp\www\PPE1483\lib\Cake\Model\Datasource\DboSource.php(426): DboSource->_execute('INSERT INTO `pp...', Array)
#2 C:\wamp\www\PPE1483\lib\Cake\Model\Datasource\DboSource.php(1012): DboSource->execute('INSERT INTO `pp...')
#3 C:\wamp\www\PPE1483\lib\Cake\Model\Model.php(1928): DboSource->create(Object(Mesure), Array, Array)
#4 C:\wamp\www\PPE1483\lib\Cake\Model\Model.php(1751): Model->_doSave(Array, Array)
#5 C:\wamp\www\PPE1483\app\Model\Mesure.php(24): Model->save(Array)
#6 C:\wamp\www\PPE1483\app\Controller\PpeController.php(72): Mesure->createMesure('2015-03-25 14:2...', '228.0', '4cb2c8a1-0bc2-4...', 97)
#7 C:\wamp\www\PPE1483\app\Controller\PpeController.php(79): PpeController->getValues()
#8 [internal function]: PpeController->showValues()
#9 C:\wamp\www\PPE1483\lib\Cake\Controller\Controller.php(490): ReflectionMethod->invokeArgs(Object(PpeController), Array)
#10 C:\wamp\www\PPE1483\lib\Cake\Routing\Dispatcher.php(193): Controller->invokeAction(Object(CakeRequest))
#11 C:\wamp\www\PPE1483\lib\Cake\Routing\Dispatcher.php(167): Dispatcher->_invoke(Object(PpeController), Object(CakeRequest))
#12 C:\wamp\www\PPE1483\app\webroot\index.php(118): Dispatcher->dispatch(Object(CakeRequest), Object(CakeResponse))
#13 {main}
2015-03-25 14:24:23 Error: [PDOException] SQLSTATE[23000]: Integrity constraint violation: 1452 Cannot add or update a child row: a foreign key constraint fails (`ppe`.`mesures`, CONSTRAINT `mesures_ibfk_1` FOREIGN KEY (`uuidEquipement`, `idEquipement`) REFERENCES `equipements` (`uuid`, `id`) ON DELETE SET NULL ON UPDATE SET NULL)
Request URL: /PPE1483/Ppe/getValues
Stack Trace:
#0 C:\wamp\www\PPE1483\lib\Cake\Model\Datasource\DboSource.php(460): PDOStatement->execute(Array)
#1 C:\wamp\www\PPE1483\lib\Cake\Model\Datasource\DboSource.php(426): DboSource->_execute('INSERT INTO `pp...', Array)
#2 C:\wamp\www\PPE1483\lib\Cake\Model\Datasource\DboSource.php(1012): DboSource->execute('INSERT INTO `pp...')
#3 C:\wamp\www\PPE1483\lib\Cake\Model\Model.php(1928): DboSource->create(Object(Mesure), Array, Array)
#4 C:\wamp\www\PPE1483\lib\Cake\Model\Model.php(1751): Model->_doSave(Array, Array)
#5 C:\wamp\www\PPE1483\app\Model\Mesure.php(24): Model->save(Array)
#6 C:\wamp\www\PPE1483\app\Controller\PpeController.php(72): Mesure->createMesure('2015-03-25 14:2...', '228.0', '4cb2c8a1-0bc2-4...', 97)
#7 [internal function]: PpeController->getValues()
#8 C:\wamp\www\PPE1483\lib\Cake\Controller\Controller.php(490): ReflectionMethod->invokeArgs(Object(PpeController), Array)
#9 C:\wamp\www\PPE1483\lib\Cake\Routing\Dispatcher.php(193): Controller->invokeAction(Object(CakeRequest))
#10 C:\wamp\www\PPE1483\lib\Cake\Routing\Dispatcher.php(167): Dispatcher->_invoke(Object(PpeController), Object(CakeRequest))
#11 C:\wamp\www\PPE1483\app\webroot\index.php(118): Dispatcher->dispatch(Object(CakeRequest), Object(CakeResponse))
#12 {main}
2015-03-25 14:28:01 Error: [MissingControllerException] Controller class CssController could not be found.
Exception Attributes: array (
  'class' => 'CssController',
  'plugin' => NULL,
)
Request URL: /PPE1483/css/font-awesome.min.css
Stack Trace:
#0 C:\wamp\www\PPE1483\app\webroot\index.php(118): Dispatcher->dispatch(Object(CakeRequest), Object(CakeResponse))
#1 {main}
2015-03-25 14:28:01 Error: [MissingControllerException] Controller class CssController could not be found.
Exception Attributes: array (
  'class' => 'CssController',
  'plugin' => NULL,
)
Request URL: /PPE1483/css/bootstrap-social.css
Stack Trace:
#0 C:\wamp\www\PPE1483\app\webroot\index.php(118): Dispatcher->dispatch(Object(CakeRequest), Object(CakeResponse))
#1 {main}
2015-03-25 14:28:01 Error: [MissingControllerException] Controller class JsController could not be found.
Exception Attributes: array (
  'class' => 'JsController',
  'plugin' => NULL,
)
Request URL: /PPE1483/js/facebook.js
Stack Trace:
#0 C:\wamp\www\PPE1483\app\webroot\index.php(118): Dispatcher->dispatch(Object(CakeRequest), Object(CakeResponse))
#1 {main}
2015-03-25 14:28:02 Error: [MissingControllerException] Controller class JsController could not be found.
Exception Attributes: array (
  'class' => 'JsController',
  'plugin' => NULL,
)
Request URL: /PPE1483/js/webarena.js
Stack Trace:
#0 C:\wamp\www\PPE1483\app\webroot\index.php(118): Dispatcher->dispatch(Object(CakeRequest), Object(CakeResponse))
#1 {main}
2015-03-25 14:28:02 Error: [MissingControllerException] Controller class CssController could not be found.
Exception Attributes: array (
  'class' => 'CssController',
  'plugin' => NULL,
)
Request URL: /PPE1483/css/webarena.css
Stack Trace:
#0 C:\wamp\www\PPE1483\app\webroot\index.php(118): Dispatcher->dispatch(Object(CakeRequest), Object(CakeResponse))
#1 {main}
